INFO  15:45:43,421 - Compiling source file: C:\pp1\workspace\MJCompiler\test\program.mj
INFO  15:45:43,473 - #2 program
INFO  15:45:43,473 - #47 test302
INFO  15:45:43,473 - #6 const
INFO  15:45:43,474 - #47 int
INFO  15:45:43,474 - #47 jedan
INFO  15:45:43,475 - #32 =
INFO  15:45:43,475 - #46 1
INFO  15:45:43,475 - #35 ;
INFO  15:45:43,476 - #47 int
INFO  15:45:43,477 - #47 i
INFO  15:45:43,477 - #35 ;
INFO  15:45:43,478 - #47 bool
INFO  15:45:43,478 - #47 ibool
INFO  15:45:43,478 - #35 ;
INFO  15:45:43,478 - #47 int
INFO  15:45:43,478 - #47 niz2
INFO  15:45:43,478 - #41 [
INFO  15:45:43,478 - #42 ]
INFO  15:45:43,478 - #35 ;
INFO  15:45:43,478 - #47 int
INFO  15:45:43,478 - #47 niz
INFO  15:45:43,478 - #41 [
INFO  15:45:43,489 - #42 ]
INFO  15:45:43,489 - #35 ;
INFO  15:45:43,489 - #47 int
INFO  15:45:43,489 - #47 a
INFO  15:45:43,489 - #37 ,
INFO  15:45:43,489 - #47 curr
INFO  15:45:43,489 - #35 ;
INFO  15:45:43,489 - #44 {
INFO  15:45:43,489 - #13 void
INFO  15:45:43,490 - #47 main
INFO  15:45:43,491 - #39 (
INFO  15:45:43,492 - #40 )
INFO  15:45:43,493 - #44 {
INFO  15:45:43,493 - #47 i
INFO  15:45:43,494 - #32 =
INFO  15:45:43,494 - #46 5
INFO  15:45:43,494 - #35 ;
INFO  15:45:43,494 - #10 print
INFO  15:45:43,494 - #39 (
INFO  15:45:43,494 - #47 i
INFO  15:45:43,494 - #40 )
INFO  15:45:43,495 - #35 ;
INFO  15:45:43,495 - #11 read
INFO  15:45:43,496 - #39 (
INFO  15:45:43,496 - #47 a
INFO  15:45:43,496 - #40 )
INFO  15:45:43,496 - #35 ;
INFO  15:45:43,496 - #10 print
INFO  15:45:43,496 - #39 (
INFO  15:45:43,496 - #47 a
INFO  15:45:43,496 - #40 )
INFO  15:45:43,496 - #35 ;
INFO  15:45:43,496 - #45 }
INFO  15:45:43,496 - #45 }
INFO  15:45:43,503 - Program(
  ProgramName(
   test302
  ) [ProgramName]
  DeclarationList(
    DeclarationList(
      DeclarationList(
        DeclarationList(
          DeclarationList(
            DeclarationList(
              NoDecl(
              ) [NoDecl]
              ConstDeclaration(
                ConstDecl(
                  Type(
                   int
                  ) [Type]
                  SingleConstDecl(
                   jedan
                    IntConstant(
                     1
                    ) [IntConstant]
                  ) [SingleConstDecl]
                  NoConstDeclarList(
                  ) [NoConstDeclarList]
                ) [ConstDecl]
              ) [ConstDeclaration]
            ) [DeclarationList]
            VarDeclaration(
              VarDeclar(
                Type(
                 int
                ) [Type]
                OneVar(
                  OneVariable(
                   i
                  ) [OneVariable]
                ) [OneVar]
              ) [VarDeclar]
            ) [VarDeclaration]
          ) [DeclarationList]
          VarDeclaration(
            VarDeclar(
              Type(
               bool
              ) [Type]
              OneVar(
                OneVariable(
                 ibool
                ) [OneVariable]
              ) [OneVar]
            ) [VarDeclar]
          ) [VarDeclaration]
        ) [DeclarationList]
        VarDeclaration(
          VarDeclar(
            Type(
             int
            ) [Type]
            OneVar(
              ArrayVariable(
               niz2
              ) [ArrayVariable]
            ) [OneVar]
          ) [VarDeclar]
        ) [VarDeclaration]
      ) [DeclarationList]
      VarDeclaration(
        VarDeclar(
          Type(
           int
          ) [Type]
          OneVar(
            ArrayVariable(
             niz
            ) [ArrayVariable]
          ) [OneVar]
        ) [VarDeclar]
      ) [VarDeclaration]
    ) [DeclarationList]
    VarDeclaration(
      VarDeclar(
        Type(
         int
        ) [Type]
        Vars(
          OneVar(
            OneVariable(
             a
            ) [OneVariable]
          ) [OneVar]
          OneVariable(
           curr
          ) [OneVariable]
        ) [Vars]
      ) [VarDeclar]
    ) [VarDeclaration]
  ) [DeclarationList]
  MethDeclList(
    NoMethDeclList(
    ) [NoMethDeclList]
    Method(
      MethDeclTypeAndName(
        MethodVoid(
        ) [MethodVoid]
       main
      ) [MethDeclTypeAndName]
      NoFormParamsList(
      ) [NoFormParamsList]
      NoVarDeclarList(
      ) [NoVarDeclarList]
      StmtList(
        StmtList(
          StmtList(
            StmtList(
              NoStmt(
              ) [NoStmt]
              DesignStm(
                DesignAssign(
                  Design(
                   i
                  ) [Design]
                  OneTerm(
                    OneFactor(
                      FactNum(
                       5
                      ) [FactNum]
                    ) [OneFactor]
                  ) [OneTerm]
                ) [DesignAssign]
              ) [DesignStm]
            ) [StmtList]
            PrintStm(
              OneTerm(
                OneFactor(
                  FactDesign(
                    Design(
                     i
                    ) [Design]
                  ) [FactDesign]
                ) [OneFactor]
              ) [OneTerm]
              NoNumConstant(
              ) [NoNumConstant]
            ) [PrintStm]
          ) [StmtList]
          ReadStm(
            Design(
             a
            ) [Design]
          ) [ReadStm]
        ) [StmtList]
        PrintStm(
          OneTerm(
            OneFactor(
              FactDesign(
                Design(
                 a
                ) [Design]
              ) [FactDesign]
            ) [OneFactor]
          ) [OneTerm]
          NoNumConstant(
          ) [NoNumConstant]
        ) [PrintStm]
      ) [StmtList]
    ) [Method]
  ) [MethDeclList]
) [Program]
INFO  15:45:43,503 - ===================================
INFO  15:45:43,507 - Definisana je konstanta jedan cija je vrednost = 1 na liniji 5
INFO  15:45:43,508 - Definisana je promenljiva i na liniji 7
INFO  15:45:43,508 - Definisana je promenljiva ibool na liniji 8
INFO  15:45:43,508 - Definisana je promenljiva a na liniji 13
INFO  15:45:43,508 - Definisana je promenljiva curr na liniji 13
INFO  15:45:43,508 - Obradjuje se funkcija main na liniji 19
INFO  15:45:43,508 - Pristup promenljivoj i na liniji 22
INFO  15:45:43,509 - Pristup promenljivoj i na liniji 23
INFO  15:45:43,509 - Pristup promenljivoj a na liniji 24
INFO  15:45:43,510 - Pristup promenljivoj a na liniji 25
INFO  15:45:43,510 - ===================================
=====================SYMBOL TABLE DUMP=========================
Type int: int, -1, -1 
Type char: char, -1, -1 
Con eol: char, 10, 0 
Con null: Class [], 0, 0 
Meth chr: char, 0, 1 
   Var i: int, 0, 1 

Meth ord: int, 0, 1 
   Var ch: char, 0, 1 

Meth len: int, 0, 1 
   Var arr: Arr of notype, 0, 1 

Type bool: , -1, -1 
Prog test302: notype, 0, 1 
   Con jedan: int, 1, 0 
   Var i: int, 0, 0 
   Var ibool: , 1, 0 
   Var niz2: Arr of int, 2, 0 
   Var niz: Arr of int, 3, 0 
   Var a: int, 4, 0 
   Var curr: int, 5, 0 
   Meth main: notype, 0, 0 



INFO  15:45:43,514 - Parsiranje uspesno zavrseno!
